<?xml version="1.0" encoding="UTF-8"?>
<!-- Generated by org.testng.reporters.JUnitXMLReporter -->
<testsuite ignored="0" hostname="Uttamchandani-PC" failures="0" tests="5" name="Default test" time="0.155" errors="0" timestamp="2022-02-25T16:56:13 IST">
  <testcase classname="com.google.test.TestCalculator" name="testAddOp1As0" time="0.032"/>
  <testcase classname="com.google.test.TestCalculator" name="testAddOp1AsLessThan0" time="0.005"/>
  <testcase classname="com.google.test.TestCalculator" name="testAddOp2As0" time="0.003"/>
  <testcase classname="com.google.test.TestCalculator" name="testAddOp2AsLessThan0" time="0.003"/>
  <testcase classname="com.google.test.TestCalculator" name="testAddValidData" time="0.001"/>
</testsuite> <!-- Default test -->
